2025-05-22 14:54:19 ERROR: Variable CMI_C01 not found in D:\teste\Band01\OR_ABI-L2-CMIPF-M6C01_G19_s20251421710206_e20251421719515_c20251421719597-139941_0.nc
2025-05-22 14:55:06 ERROR: Variable CMI_C02 not found in D:\teste\Band02\OR_ABI-L2-CMIPF-M6C02_G19_s20251210250208_e20251210259516_c20251210259578-139943_0.nc
2025-05-22 15:01:09 ERROR: CMI_C01 missing in D:\teste\Band01\OR_ABI-L2-CMIPF-M6C01_G19_s20251421710206_e20251421719515_c20251421719597-139941_0.nc
2025-05-22 15:01:54 ERROR: CMI_C02 missing in D:\teste\Band02\OR_ABI-L2-CMIPF-M6C02_G19_s20251210250208_e20251210259516_c20251210259578-139943_0.nc
2025-05-22 15:06:27 ERROR: Failed processing D:\incoming\GOES-R-CMI-Imagery\Band01\OR_ABI-L2-CMIPF-M6C01_G19_s20251210300208_e20251210309516_c20251210309580-139940_0.nc: 'open_dataset' object has no attribute 'close'
Traceback (most recent call last):
  File "c:\Users\ire0034\Documents\GitHub\NOTE\GOES19-Imagery\All_Bands.py", line 173, in <module>
    ds.close()
    ^^^^^^^^
AttributeError: 'open_dataset' object has no attribute 'close'
2025-05-22 15:07:56 ERROR: Failed processing D:\incoming\GOES-R-CMI-Imagery\Band01\OR_ABI-L2-CMIPF-M6C01_G19_s20251210300208_e20251210309516_c20251210309580-139940_0.nc: 'open_dataset' object has no attribute 'close'
Traceback (most recent call last):
  File "c:\Users\ire0034\Documents\GitHub\NOTE\GOES19-Imagery\All_Bands.py", line 173, in <module>
    ds.close()
    ^^^^^^^^
AttributeError: 'open_dataset' object has no attribute 'close'
2025-05-22 15:08:34 ERROR: Failed processing D:\incoming\GOES-R-CMI-Imagery\Band01\OR_ABI-L2-CMIPF-M6C01_G19_s20251210310208_e20251210319516_c20251210319573-139941_0.nc: 'open_dataset' object has no attribute 'close'
Traceback (most recent call last):
  File "c:\Users\ire0034\Documents\GitHub\NOTE\GOES19-Imagery\All_Bands.py", line 173, in <module>
    ds.close()
    ^^^^^^^^
AttributeError: 'open_dataset' object has no attribute 'close'
2025-05-22 15:09:12 ERROR: Failed processing D:\incoming\GOES-R-CMI-Imagery\Band01\OR_ABI-L2-CMIPF-M6C01_G19_s20251210330208_e20251210339516_c20251210339586-139940_0.nc: 'open_dataset' object has no attribute 'close'
Traceback (most recent call last):
  File "c:\Users\ire0034\Documents\GitHub\NOTE\GOES19-Imagery\All_Bands.py", line 173, in <module>
    ds.close()
    ^^^^^^^^
AttributeError: 'open_dataset' object has no attribute 'close'
2025-05-22 15:09:50 ERROR: Failed processing D:\incoming\GOES-R-CMI-Imagery\Band01\OR_ABI-L2-CMIPF-M6C01_G19_s20251210340208_e20251210349516_c20251210349579-139941_0.nc: 'open_dataset' object has no attribute 'close'
Traceback (most recent call last):
  File "c:\Users\ire0034\Documents\GitHub\NOTE\GOES19-Imagery\All_Bands.py", line 173, in <module>
    ds.close()
    ^^^^^^^^
AttributeError: 'open_dataset' object has no attribute 'close'
2025-05-22 15:10:29 ERROR: Failed processing D:\incoming\GOES-R-CMI-Imagery\Band01\OR_ABI-L2-CMIPF-M6C01_G19_s20251210400208_e20251210409516_c20251210409586-139940_0.nc: 'open_dataset' object has no attribute 'close'
Traceback (most recent call last):
  File "c:\Users\ire0034\Documents\GitHub\NOTE\GOES19-Imagery\All_Bands.py", line 173, in <module>
    ds.close()
    ^^^^^^^^
AttributeError: 'open_dataset' object has no attribute 'close'
2025-05-22 15:11:07 ERROR: Failed processing D:\incoming\GOES-R-CMI-Imagery\Band01\OR_ABI-L2-CMIPF-M6C01_G19_s20251210410208_e20251210419516_c20251210419576-139941_0.nc: 'open_dataset' object has no attribute 'close'
Traceback (most recent call last):
  File "c:\Users\ire0034\Documents\GitHub\NOTE\GOES19-Imagery\All_Bands.py", line 173, in <module>
    ds.close()
    ^^^^^^^^
AttributeError: 'open_dataset' object has no attribute 'close'
2025-05-22 15:11:47 ERROR: Failed processing D:\incoming\GOES-R-CMI-Imagery\Band01\OR_ABI-L2-CMIPF-M6C01_G19_s20251210430208_e20251210439516_c20251210439582-139940_0.nc: 'open_dataset' object has no attribute 'close'
Traceback (most recent call last):
  File "c:\Users\ire0034\Documents\GitHub\NOTE\GOES19-Imagery\All_Bands.py", line 173, in <module>
    ds.close()
    ^^^^^^^^
AttributeError: 'open_dataset' object has no attribute 'close'
2025-05-22 15:12:48 ERROR: Failed processing D:\teste\Band01\OR_ABI-L2-CMIPF-M6C01_G19_s20251421710206_e20251421719515_c20251421719597-139941_0.nc
Traceback (most recent call last):
  File "c:\Users\ire0034\Documents\GitHub\NOTE\GOES19-Imagery\All_Bands.py", line 178, in <module>
    os.rename(nc_path, os.path.join(out_dir, os.path.basename(nc_path)))
    ~~~~~~~~~^^^^^^^^^^^^^^^^^^^^^^^^^^^^^^^^^^^^^^^^^^^^^^^^^^^^^^^^^^^
PermissionError: [WinError 32] The process cannot access the file because it is being used by another process: 'D:\\teste\\Band01\\OR_ABI-L2-CMIPF-M6C01_G19_s20251421710206_e20251421719515_c20251421719597-139941_0.nc' -> 'D:\\GOES-Organized\\2025\\05\\22\\17\\OR_ABI-L2-CMIPF-M6C01_G19_s20251421710206_e20251421719515_c20251421719597-139941_0.nc'
2025-05-22 15:13:28 ERROR: Failed processing D:\teste\Band02\OR_ABI-L2-CMIPF-M6C02_G19_s20251210250208_e20251210259516_c20251210259578-139943_0.nc
Traceback (most recent call last):
  File "c:\Users\ire0034\Documents\GitHub\NOTE\GOES19-Imagery\All_Bands.py", line 178, in <module>
    os.rename(nc_path, os.path.join(out_dir, os.path.basename(nc_path)))
    ~~~~~~~~~^^^^^^^^^^^^^^^^^^^^^^^^^^^^^^^^^^^^^^^^^^^^^^^^^^^^^^^^^^^
PermissionError: [WinError 32] The process cannot access the file because it is being used by another process: 'D:\\teste\\Band02\\OR_ABI-L2-CMIPF-M6C02_G19_s20251210250208_e20251210259516_c20251210259578-139943_0.nc' -> 'D:\\GOES-Organized\\2025\\05\\01\\02\\OR_ABI-L2-CMIPF-M6C02_G19_s20251210250208_e20251210259516_c20251210259578-139943_0.nc'
2025-05-22 15:16:12 INFO: Processed D:\incoming\GOES-R-CMI-Imagery\Band01\OR_ABI-L2-CMIPF-M6C01_G19_s20251210300208_e20251210309516_c20251210309580-139940_0.nc \u2192 D:\GOES-Organized\2025\05\01\03\OR_ABI-L2-CMIPF-M6C01_G19_s20251210300208_e20251210309516_c20251210309580-139940_0.jpg
2025-05-22 15:16:50 INFO: Processed D:\incoming\GOES-R-CMI-Imagery\Band01\OR_ABI-L2-CMIPF-M6C01_G19_s20251210310208_e20251210319516_c20251210319573-139941_0.nc \u2192 D:\GOES-Organized\2025\05\01\03\OR_ABI-L2-CMIPF-M6C01_G19_s20251210310208_e20251210319516_c20251210319573-139941_0.jpg
2025-05-22 15:17:29 INFO: Processed D:\incoming\GOES-R-CMI-Imagery\Band01\OR_ABI-L2-CMIPF-M6C01_G19_s20251210330208_e20251210339516_c20251210339586-139940_0.nc \u2192 D:\GOES-Organized\2025\05\01\03\OR_ABI-L2-CMIPF-M6C01_G19_s20251210330208_e20251210339516_c20251210339586-139940_0.jpg
2025-05-22 15:19:45 INFO: Processed D:\teste\Band01\OR_ABI-L2-CMIPF-M6C01_G19_s20251421710206_e20251421719515_c20251421719597-139941_0.nc \u2192 D:\GOES-Organized\2025\05\22\17\OR_ABI-L2-CMIPF-M6C01_G19_s20251421710206_e20251421719515_c20251421719597-139941_0.jpg
2025-05-22 15:20:23 INFO: Processed D:\teste\Band02\OR_ABI-L2-CMIPF-M6C02_G19_s20251210250208_e20251210259516_c20251210259578-139943_0.nc \u2192 D:\GOES-Organized\2025\05\01\02\OR_ABI-L2-CMIPF-M6C02_G19_s20251210250208_e20251210259516_c20251210259578-139943_0.jpg
2025-05-22 15:20:23 ERROR: Unexpected error in main loop
Traceback (most recent call last):
  File "c:\Users\ire0034\Documents\GitHub\NOTE\GOES19-Imagery\All_Bands.py", line 70, in <module>
    vmin     = BAND_VMIN[band_num]
               ~~~~~~~~~^^^^^^^^^^
KeyError: 205
2025-05-22 15:24:44 INFO: Processed D:\incoming\GOES-R-CMI-Imagery\Band01\OR_ABI-L2-CMIPF-M6C01_G19_s20251210340208_e20251210349516_c20251210349579-139941_0.nc \u2192 D:\GOES-Organized\2025\05\01\03\OR_ABI-L2-CMIPF-M6C01_G19_s20251210340208_e20251210349516_c20251210349579-139941_0.jpg
2025-05-22 15:25:21 INFO: Processed D:\incoming\GOES-R-CMI-Imagery\Band01\OR_ABI-L2-CMIPF-M6C01_G19_s20251210400208_e20251210409516_c20251210409586-139940_0.nc \u2192 D:\GOES-Organized\2025\05\01\04\OR_ABI-L2-CMIPF-M6C01_G19_s20251210400208_e20251210409516_c20251210409586-139940_0.jpg
2025-05-22 15:26:00 INFO: Processed D:\incoming\GOES-R-CMI-Imagery\Band01\OR_ABI-L2-CMIPF-M6C01_G19_s20251210410208_e20251210419516_c20251210419576-139941_0.nc \u2192 D:\GOES-Organized\2025\05\01\04\OR_ABI-L2-CMIPF-M6C01_G19_s20251210410208_e20251210419516_c20251210419576-139941_0.jpg
2025-05-22 15:26:38 INFO: Processed D:\incoming\GOES-R-CMI-Imagery\Band01\OR_ABI-L2-CMIPF-M6C01_G19_s20251210430208_e20251210439516_c20251210439582-139940_0.nc \u2192 D:\GOES-Organized\2025\05\01\04\OR_ABI-L2-CMIPF-M6C01_G19_s20251210430208_e20251210439516_c20251210439582-139940_0.jpg
2025-05-22 15:27:16 INFO: Processed D:\incoming\GOES-R-CMI-Imagery\Band01\OR_ABI-L2-CMIPF-M6C01_G19_s20251210440208_e20251210449516_c20251210449592-139941_0.nc \u2192 D:\GOES-Organized\2025\05\01\04\OR_ABI-L2-CMIPF-M6C01_G19_s20251210440208_e20251210449516_c20251210449592-139941_0.jpg
2025-05-22 15:31:58 INFO: Processed D:\teste\Band02 - 0.5km\OR_ABI-L2-CMIPF-M6C02_G19_s20251210250208_e20251210259516_c20251210259578-139942_0.nc \u2192 D:\GOES-Organized\2025\05\01\02\OR_ABI-L2-CMIPF-M6C02_G19_s20251210250208_e20251210259516_c20251210259578-139942_0.jpg
2025-05-22 15:32:36 INFO: Processed D:\teste\Band03\OR_ABI-L2-CMIPF-M6C03_G19_s20251210300208_e20251210309516_c20251210309580-139944_0.nc \u2192 D:\GOES-Organized\2025\05\01\03\OR_ABI-L2-CMIPF-M6C03_G19_s20251210300208_e20251210309516_c20251210309580-139944_0.jpg
2025-05-22 15:32:46 INFO: Processed D:\teste\Band04\OR_ABI-L2-CMIPF-M6C04_G19_s20251210300208_e20251210309516_c20251210309571-139946_0.nc \u2192 D:\GOES-Organized\2025\05\01\03\OR_ABI-L2-CMIPF-M6C04_G19_s20251210300208_e20251210309516_c20251210309571-139946_0.jpg
2025-05-22 15:33:24 INFO: Processed D:\teste\Band05\OR_ABI-L2-CMIPF-M6C05_G19_s20251210300208_e20251210309516_c20251210309590-139948_0.nc \u2192 D:\GOES-Organized\2025\05\01\03\OR_ABI-L2-CMIPF-M6C05_G19_s20251210300208_e20251210309516_c20251210309590-139948_0.jpg
2025-05-22 15:33:34 INFO: Processed D:\teste\Band06\OR_ABI-L2-CMIPF-M6C06_G19_s20251210300208_e20251210309521_c20251210309570-139950_0.nc \u2192 D:\GOES-Organized\2025\05\01\03\OR_ABI-L2-CMIPF-M6C06_G19_s20251210300208_e20251210309521_c20251210309570-139950_0.jpg
2025-05-22 15:33:44 INFO: Processed D:\teste\Band07\OR_ABI-L2-CMIPF-M6C07_G19_s20251210250208_e20251210259528_c20251210259588-139952_0.nc \u2192 D:\GOES-Organized\2025\05\01\02\OR_ABI-L2-CMIPF-M6C07_G19_s20251210250208_e20251210259528_c20251210259588-139952_0.jpg
2025-05-22 15:33:55 INFO: Processed D:\teste\Band08\OR_ABI-L2-CMIPF-M6C08_G19_s20251210250208_e20251210259516_c20251210259589-139953_0.nc \u2192 D:\GOES-Organized\2025\05\01\02\OR_ABI-L2-CMIPF-M6C08_G19_s20251210250208_e20251210259516_c20251210259589-139953_0.jpg
2025-05-22 15:34:05 INFO: Processed D:\teste\Band09\OR_ABI-L2-CMIPF-M6C09_G19_s20251210250208_e20251210259522_c20251210259586-139954_0.nc \u2192 D:\GOES-Organized\2025\05\01\02\OR_ABI-L2-CMIPF-M6C09_G19_s20251210250208_e20251210259522_c20251210259586-139954_0.jpg
2025-05-22 15:34:16 INFO: Processed D:\teste\Band10\OR_ABI-L2-CMIPF-M6C10_G19_s20251210250208_e20251210259528_c20251210259588-139955_0.nc \u2192 D:\GOES-Organized\2025\05\01\02\OR_ABI-L2-CMIPF-M6C10_G19_s20251210250208_e20251210259528_c20251210259588-139955_0.jpg
2025-05-22 15:34:26 INFO: Processed D:\teste\Band11\OR_ABI-L2-CMIPF-M6C11_G19_s20251210300208_e20251210309516_c20251210309572-139956_0.nc \u2192 D:\GOES-Organized\2025\05\01\03\OR_ABI-L2-CMIPF-M6C11_G19_s20251210300208_e20251210309516_c20251210309572-139956_0.jpg
2025-05-22 15:34:37 INFO: Processed D:\teste\Band12\OR_ABI-L2-CMIPF-M6C12_G19_s20251210300208_e20251210309522_c20251210309581-139958_0.nc \u2192 D:\GOES-Organized\2025\05\01\03\OR_ABI-L2-CMIPF-M6C12_G19_s20251210300208_e20251210309522_c20251210309581-139958_0.jpg
2025-05-22 15:34:48 INFO: Processed D:\teste\Band13\OR_ABI-L2-CMIPF-M6C13_G19_s20251421730206_e20251421739527_c20251421739584.nc \u2192 D:\GOES-Organized\2025\05\22\17\OR_ABI-L2-CMIPF-M6C13_G19_s20251421730206_e20251421739527_c20251421739584.jpg
2025-05-22 15:34:58 INFO: Processed D:\teste\Band14\OR_ABI-L2-CMIPF-M6C14_G19_s20251210250208_e20251210259516_c20251210259598-139960_0.nc \u2192 D:\GOES-Organized\2025\05\01\02\OR_ABI-L2-CMIPF-M6C14_G19_s20251210250208_e20251210259516_c20251210259598-139960_0.jpg
2025-05-22 15:35:09 INFO: Processed D:\teste\Band15\OR_ABI-L2-CMIPF-M6C15_G19_s20251210250208_e20251210259522_c20251210259599-139961_0.nc \u2192 D:\GOES-Organized\2025\05\01\02\OR_ABI-L2-CMIPF-M6C15_G19_s20251210250208_e20251210259522_c20251210259599-139961_0.jpg
2025-05-22 15:35:52 INFO: Processed D:\teste\Band16\OR_ABI-L2-CMIPF-M6C16_G19_s20251421730206_e20251421739526_c20251421739584-139962_0.nc \u2192 D:\GOES-Organized\2025\05\22\17\OR_ABI-L2-CMIPF-M6C16_G19_s20251421730206_e20251421739526_c20251421739584-139962_0.jpg
2025-05-22 16:17:02 INFO: Processed D:\teste1\Band01\OR_ABI-L2-CMIPF-M6C01_G19_s20251421840206_e20251421849515_c20251421849574-139941_0.nc \u2192 D:\GOES-Organized\2025\05\22\18\OR_ABI-L2-CMIPF-M6C01_G19_s20251421840206_e20251421849515_c20251421849574-139941_0.jpg
2025-05-22 16:17:41 INFO: Processed D:\teste1\Band02\OR_ABI-L2-CMIPF-M6C02_G19_s20251421850206_e20251421859515_c20251421859572-139943_0.nc \u2192 D:\GOES-Organized\2025\05\22\18\OR_ABI-L2-CMIPF-M6C02_G19_s20251421850206_e20251421859515_c20251421859572-139943_0.jpg
2025-05-22 16:20:17 INFO: Processed D:\teste1\Band02-0.5km\OR_ABI-L2-CMIPF-M6C02_G19_s20251421850206_e20251421859515_c20251421859572-139942_0.nc \u2192 D:\GOES-Organized\2025\05\22\18\OR_ABI-L2-CMIPF-M6C02_G19_s20251421850206_e20251421859515_c20251421859572-139942_0.jpg
2025-05-22 16:20:57 INFO: Processed D:\teste1\Band03\OR_ABI-L2-CMIPF-M6C03_G19_s20251421840206_e20251421849515_c20251421849585-139945_0.nc \u2192 D:\GOES-Organized\2025\05\22\18\OR_ABI-L2-CMIPF-M6C03_G19_s20251421840206_e20251421849515_c20251421849585-139945_0.jpg
2025-05-22 16:21:07 INFO: Processed D:\teste1\Band04\OR_ABI-L2-CMIPF-M6C04_G19_s20251421840206_e20251421849515_c20251421849572-139947_0.nc \u2192 D:\GOES-Organized\2025\05\22\18\OR_ABI-L2-CMIPF-M6C04_G19_s20251421840206_e20251421849515_c20251421849572-139947_0.jpg
2025-05-22 16:21:46 INFO: Processed D:\teste1\Band05\OR_ABI-L2-CMIPF-M6C05_G19_s20251421840206_e20251421849515_c20251421849585-139949_0.nc \u2192 D:\GOES-Organized\2025\05\22\18\OR_ABI-L2-CMIPF-M6C05_G19_s20251421840206_e20251421849515_c20251421849585-139949_0.jpg
2025-05-22 16:21:57 INFO: Processed D:\teste1\Band06\OR_ABI-L2-CMIPF-M6C06_G19_s20251421840206_e20251421849521_c20251421849572-139951_0.nc \u2192 D:\GOES-Organized\2025\05\22\18\OR_ABI-L2-CMIPF-M6C06_G19_s20251421840206_e20251421849521_c20251421849572-139951_0.jpg
2025-05-22 16:22:07 INFO: Processed D:\teste1\Band07\OR_ABI-L2-CMIPF-M6C07_G19_s20251421900206_e20251421909526_c20251421909589-139952_0.nc \u2192 D:\GOES-Organized\2025\05\22\19\OR_ABI-L2-CMIPF-M6C07_G19_s20251421900206_e20251421909526_c20251421909589-139952_0.jpg
2025-05-22 16:22:18 INFO: Processed D:\teste1\Band08\OR_ABI-L2-CMIPF-M6C08_G19_s20251421900206_e20251421909515_c20251421909589-139953_0.nc \u2192 D:\GOES-Organized\2025\05\22\19\OR_ABI-L2-CMIPF-M6C08_G19_s20251421900206_e20251421909515_c20251421909589-139953_0.jpg
2025-05-22 16:22:28 INFO: Processed D:\teste1\Band09\OR_ABI-L2-CMIPF-M6C09_G19_s20251421900206_e20251421909520_c20251421910002-139954_0.nc \u2192 D:\GOES-Organized\2025\05\22\19\OR_ABI-L2-CMIPF-M6C09_G19_s20251421900206_e20251421909520_c20251421910002-139954_0.jpg
2025-05-22 16:22:39 INFO: Processed D:\teste1\Band10\OR_ABI-L2-CMIPF-M6C10_G19_s20251421900206_e20251421909526_c20251421909589-139955_0.nc \u2192 D:\GOES-Organized\2025\05\22\19\OR_ABI-L2-CMIPF-M6C10_G19_s20251421900206_e20251421909526_c20251421909589-139955_0.jpg
2025-05-22 16:22:49 INFO: Processed D:\teste1\Band11\OR_ABI-L2-CMIPF-M6C11_G19_s20251421840206_e20251421849514_c20251421849572-139957_0.nc \u2192 D:\GOES-Organized\2025\05\22\18\OR_ABI-L2-CMIPF-M6C11_G19_s20251421840206_e20251421849514_c20251421849572-139957_0.jpg
2025-05-22 16:23:00 INFO: Processed D:\teste1\Band12\OR_ABI-L2-CMIPF-M6C12_G19_s20251421900206_e20251421909520_c20251421909581-139958_0.nc \u2192 D:\GOES-Organized\2025\05\22\19\OR_ABI-L2-CMIPF-M6C12_G19_s20251421900206_e20251421909520_c20251421909581-139958_0.jpg
2025-05-22 16:23:10 INFO: Processed D:\teste1\Band13\OR_ABI-L2-CMIPF-M6C13_G19_s20251421900206_e20251421909529_c20251421909581.nc \u2192 D:\GOES-Organized\2025\05\22\19\OR_ABI-L2-CMIPF-M6C13_G19_s20251421900206_e20251421909529_c20251421909581.jpg
2025-05-22 16:23:21 INFO: Processed D:\teste1\Band14\OR_ABI-L2-CMIPF-M6C14_G19_s20251421900206_e20251421909515_c20251421909579-139960_0.nc \u2192 D:\GOES-Organized\2025\05\22\19\OR_ABI-L2-CMIPF-M6C14_G19_s20251421900206_e20251421909515_c20251421909579-139960_0.jpg
2025-05-22 16:23:32 INFO: Processed D:\teste1\Band15\OR_ABI-L2-CMIPF-M6C15_G19_s20251421900206_e20251421909521_c20251421909589-139961_0.nc \u2192 D:\GOES-Organized\2025\05\22\19\OR_ABI-L2-CMIPF-M6C15_G19_s20251421900206_e20251421909521_c20251421909589-139961_0.jpg
2025-05-22 16:23:42 INFO: Processed D:\teste1\Band16\OR_ABI-L2-CMIPF-M6C16_G19_s20251421840206_e20251421849527_c20251421849591-139963_0.nc \u2192 D:\GOES-Organized\2025\05\22\18\OR_ABI-L2-CMIPF-M6C16_G19_s20251421840206_e20251421849527_c20251421849591-139963_0.jpg
2025-05-23 10:06:02 INFO: Processed D:\teste1\Band01\OR_ABI-L2-CMIPF-M6C01_G19_s20251421840206_e20251421849515_c20251421849574-139941_0.nc \u2192 D:\GOES-Organized\2025\05\22\Band01\OR_ABI-L2-CMIPF-M6C01_G19_s20251421840206_e20251421849515_c20251421849574-139941_0.jpg
2025-05-23 10:06:41 INFO: Processed D:\teste1\Band02\OR_ABI-L2-CMIPF-M6C02_G19_s20251421850206_e20251421859515_c20251421859572-139943_0.nc \u2192 D:\GOES-Organized\2025\05\22\Band02\OR_ABI-L2-CMIPF-M6C02_G19_s20251421850206_e20251421859515_c20251421859572-139943_0.jpg
2025-05-23 10:09:14 INFO: Processed D:\teste1\Band02-0.5km\OR_ABI-L2-CMIPF-M6C02_G19_s20251421850206_e20251421859515_c20251421859572-139942_0.nc \u2192 D:\GOES-Organized\2025\05\22\Band02-0.5km\OR_ABI-L2-CMIPF-M6C02_G19_s20251421850206_e20251421859515_c20251421859572-139942_0.jpg
2025-05-23 10:09:53 INFO: Processed D:\teste1\Band03\OR_ABI-L2-CMIPF-M6C03_G19_s20251421840206_e20251421849515_c20251421849585-139945_0.nc \u2192 D:\GOES-Organized\2025\05\22\Band03\OR_ABI-L2-CMIPF-M6C03_G19_s20251421840206_e20251421849515_c20251421849585-139945_0.jpg
2025-05-23 10:10:03 INFO: Processed D:\teste1\Band04\OR_ABI-L2-CMIPF-M6C04_G19_s20251421840206_e20251421849515_c20251421849572-139947_0.nc \u2192 D:\GOES-Organized\2025\05\22\Band04\OR_ABI-L2-CMIPF-M6C04_G19_s20251421840206_e20251421849515_c20251421849572-139947_0.jpg
2025-05-23 10:10:44 INFO: Processed D:\teste1\Band05\OR_ABI-L2-CMIPF-M6C05_G19_s20251421840206_e20251421849515_c20251421849585-139949_0.nc \u2192 D:\GOES-Organized\2025\05\22\Band05\OR_ABI-L2-CMIPF-M6C05_G19_s20251421840206_e20251421849515_c20251421849585-139949_0.jpg
2025-05-23 10:10:54 INFO: Processed D:\teste1\Band06\OR_ABI-L2-CMIPF-M6C06_G19_s20251421840206_e20251421849521_c20251421849572-139951_0.nc \u2192 D:\GOES-Organized\2025\05\22\Band06\OR_ABI-L2-CMIPF-M6C06_G19_s20251421840206_e20251421849521_c20251421849572-139951_0.jpg
2025-05-23 10:11:05 INFO: Processed D:\teste1\Band07\OR_ABI-L2-CMIPF-M6C07_G19_s20251421900206_e20251421909526_c20251421909589-139952_0.nc \u2192 D:\GOES-Organized\2025\05\22\Band07\OR_ABI-L2-CMIPF-M6C07_G19_s20251421900206_e20251421909526_c20251421909589-139952_0.jpg
2025-05-23 10:11:16 INFO: Processed D:\teste1\Band08\OR_ABI-L2-CMIPF-M6C08_G19_s20251421900206_e20251421909515_c20251421909589-139953_0.nc \u2192 D:\GOES-Organized\2025\05\22\Band08\OR_ABI-L2-CMIPF-M6C08_G19_s20251421900206_e20251421909515_c20251421909589-139953_0.jpg
2025-05-23 10:11:27 INFO: Processed D:\teste1\Band09\OR_ABI-L2-CMIPF-M6C09_G19_s20251421900206_e20251421909520_c20251421910002-139954_0.nc \u2192 D:\GOES-Organized\2025\05\22\Band09\OR_ABI-L2-CMIPF-M6C09_G19_s20251421900206_e20251421909520_c20251421910002-139954_0.jpg
2025-05-23 10:11:37 INFO: Processed D:\teste1\Band10\OR_ABI-L2-CMIPF-M6C10_G19_s20251421900206_e20251421909526_c20251421909589-139955_0.nc \u2192 D:\GOES-Organized\2025\05\22\Band10\OR_ABI-L2-CMIPF-M6C10_G19_s20251421900206_e20251421909526_c20251421909589-139955_0.jpg
2025-05-23 10:11:49 INFO: Processed D:\teste1\Band11\OR_ABI-L2-CMIPF-M6C11_G19_s20251421840206_e20251421849514_c20251421849572-139957_0.nc \u2192 D:\GOES-Organized\2025\05\22\Band11\OR_ABI-L2-CMIPF-M6C11_G19_s20251421840206_e20251421849514_c20251421849572-139957_0.jpg
2025-05-23 10:11:59 INFO: Processed D:\teste1\Band12\OR_ABI-L2-CMIPF-M6C12_G19_s20251421900206_e20251421909520_c20251421909581-139958_0.nc \u2192 D:\GOES-Organized\2025\05\22\Band12\OR_ABI-L2-CMIPF-M6C12_G19_s20251421900206_e20251421909520_c20251421909581-139958_0.jpg
2025-05-23 10:12:10 INFO: Processed D:\teste1\Band13\OR_ABI-L2-CMIPF-M6C13_G19_s20251421900206_e20251421909529_c20251421909581.nc \u2192 D:\GOES-Organized\2025\05\22\Band13\OR_ABI-L2-CMIPF-M6C13_G19_s20251421900206_e20251421909529_c20251421909581.jpg
2025-05-23 10:12:21 INFO: Processed D:\teste1\Band14\OR_ABI-L2-CMIPF-M6C14_G19_s20251421900206_e20251421909515_c20251421909579-139960_0.nc \u2192 D:\GOES-Organized\2025\05\22\Band14\OR_ABI-L2-CMIPF-M6C14_G19_s20251421900206_e20251421909515_c20251421909579-139960_0.jpg
2025-05-23 10:12:32 INFO: Processed D:\teste1\Band15\OR_ABI-L2-CMIPF-M6C15_G19_s20251421900206_e20251421909521_c20251421909589-139961_0.nc \u2192 D:\GOES-Organized\2025\05\22\Band15\OR_ABI-L2-CMIPF-M6C15_G19_s20251421900206_e20251421909521_c20251421909589-139961_0.jpg
2025-05-23 10:12:42 INFO: Processed D:\teste1\Band16\OR_ABI-L2-CMIPF-M6C16_G19_s20251421840206_e20251421849527_c20251421849591-139963_0.nc \u2192 D:\GOES-Organized\2025\05\22\Band16\OR_ABI-L2-CMIPF-M6C16_G19_s20251421840206_e20251421849527_c20251421849591-139963_0.jpg
2025-05-23 10:41:21 INFO: Processed D:\teste1\Band01\OR_ABI-L2-CMIPF-M6C01_G19_s20251421840206_e20251421849515_c20251421849574-139941_0.nc \u2192 D:\GOES-Organized\Band01\2025\05\22\OR_ABI-L2-CMIPF-M6C01_G19_s20251421840206_e20251421849515_c20251421849574-139941_0.jpg
2025-05-23 10:42:00 INFO: Processed D:\teste1\Band02\OR_ABI-L2-CMIPF-M6C02_G19_s20251421850206_e20251421859515_c20251421859572-139943_0.nc \u2192 D:\GOES-Organized\Band02\2025\05\22\OR_ABI-L2-CMIPF-M6C02_G19_s20251421850206_e20251421859515_c20251421859572-139943_0.jpg
2025-05-23 10:44:34 INFO: Processed D:\teste1\Band02-0.5km\OR_ABI-L2-CMIPF-M6C02_G19_s20251421850206_e20251421859515_c20251421859572-139942_0.nc \u2192 D:\GOES-Organized\Band02-0.5km\2025\05\22\OR_ABI-L2-CMIPF-M6C02_G19_s20251421850206_e20251421859515_c20251421859572-139942_0.jpg
2025-05-23 10:45:14 INFO: Processed D:\teste1\Band03\OR_ABI-L2-CMIPF-M6C03_G19_s20251421840206_e20251421849515_c20251421849585-139945_0.nc \u2192 D:\GOES-Organized\Band03\2025\05\22\OR_ABI-L2-CMIPF-M6C03_G19_s20251421840206_e20251421849515_c20251421849585-139945_0.jpg
2025-05-23 10:45:25 INFO: Processed D:\teste1\Band04\OR_ABI-L2-CMIPF-M6C04_G19_s20251421840206_e20251421849515_c20251421849572-139947_0.nc \u2192 D:\GOES-Organized\Band04\2025\05\22\OR_ABI-L2-CMIPF-M6C04_G19_s20251421840206_e20251421849515_c20251421849572-139947_0.jpg
2025-05-23 10:46:05 INFO: Processed D:\teste1\Band05\OR_ABI-L2-CMIPF-M6C05_G19_s20251421840206_e20251421849515_c20251421849585-139949_0.nc \u2192 D:\GOES-Organized\Band05\2025\05\22\OR_ABI-L2-CMIPF-M6C05_G19_s20251421840206_e20251421849515_c20251421849585-139949_0.jpg
2025-05-23 10:46:15 INFO: Processed D:\teste1\Band06\OR_ABI-L2-CMIPF-M6C06_G19_s20251421840206_e20251421849521_c20251421849572-139951_0.nc \u2192 D:\GOES-Organized\Band06\2025\05\22\OR_ABI-L2-CMIPF-M6C06_G19_s20251421840206_e20251421849521_c20251421849572-139951_0.jpg
2025-05-23 10:46:26 INFO: Processed D:\teste1\Band07\OR_ABI-L2-CMIPF-M6C07_G19_s20251421900206_e20251421909526_c20251421909589-139952_0.nc \u2192 D:\GOES-Organized\Band07\2025\05\22\OR_ABI-L2-CMIPF-M6C07_G19_s20251421900206_e20251421909526_c20251421909589-139952_0.jpg
2025-05-23 10:46:36 INFO: Processed D:\teste1\Band08\OR_ABI-L2-CMIPF-M6C08_G19_s20251421900206_e20251421909515_c20251421909589-139953_0.nc \u2192 D:\GOES-Organized\Band08\2025\05\22\OR_ABI-L2-CMIPF-M6C08_G19_s20251421900206_e20251421909515_c20251421909589-139953_0.jpg
2025-05-23 10:46:47 INFO: Processed D:\teste1\Band09\OR_ABI-L2-CMIPF-M6C09_G19_s20251421900206_e20251421909520_c20251421910002-139954_0.nc \u2192 D:\GOES-Organized\Band09\2025\05\22\OR_ABI-L2-CMIPF-M6C09_G19_s20251421900206_e20251421909520_c20251421910002-139954_0.jpg
2025-05-23 10:46:57 INFO: Processed D:\teste1\Band10\OR_ABI-L2-CMIPF-M6C10_G19_s20251421900206_e20251421909526_c20251421909589-139955_0.nc \u2192 D:\GOES-Organized\Band10\2025\05\22\OR_ABI-L2-CMIPF-M6C10_G19_s20251421900206_e20251421909526_c20251421909589-139955_0.jpg
2025-05-23 10:47:08 INFO: Processed D:\teste1\Band11\OR_ABI-L2-CMIPF-M6C11_G19_s20251421840206_e20251421849514_c20251421849572-139957_0.nc \u2192 D:\GOES-Organized\Band11\2025\05\22\OR_ABI-L2-CMIPF-M6C11_G19_s20251421840206_e20251421849514_c20251421849572-139957_0.jpg
2025-05-23 10:47:18 INFO: Processed D:\teste1\Band12\OR_ABI-L2-CMIPF-M6C12_G19_s20251421900206_e20251421909520_c20251421909581-139958_0.nc \u2192 D:\GOES-Organized\Band12\2025\05\22\OR_ABI-L2-CMIPF-M6C12_G19_s20251421900206_e20251421909520_c20251421909581-139958_0.jpg
2025-05-23 10:47:29 INFO: Processed D:\teste1\Band13\OR_ABI-L2-CMIPF-M6C13_G19_s20251421900206_e20251421909529_c20251421909581.nc \u2192 D:\GOES-Organized\Band13\2025\05\22\OR_ABI-L2-CMIPF-M6C13_G19_s20251421900206_e20251421909529_c20251421909581.jpg
2025-05-23 10:47:40 INFO: Processed D:\teste1\Band14\OR_ABI-L2-CMIPF-M6C14_G19_s20251421900206_e20251421909515_c20251421909579-139960_0.nc \u2192 D:\GOES-Organized\Band14\2025\05\22\OR_ABI-L2-CMIPF-M6C14_G19_s20251421900206_e20251421909515_c20251421909579-139960_0.jpg
2025-05-23 10:47:50 INFO: Processed D:\teste1\Band15\OR_ABI-L2-CMIPF-M6C15_G19_s20251421900206_e20251421909521_c20251421909589-139961_0.nc \u2192 D:\GOES-Organized\Band15\2025\05\22\OR_ABI-L2-CMIPF-M6C15_G19_s20251421900206_e20251421909521_c20251421909589-139961_0.jpg
2025-05-23 10:48:01 INFO: Processed D:\teste1\Band16\OR_ABI-L2-CMIPF-M6C16_G19_s20251421840206_e20251421849527_c20251421849591-139963_0.nc \u2192 D:\GOES-Organized\Band16\2025\05\22\OR_ABI-L2-CMIPF-M6C16_G19_s20251421840206_e20251421849527_c20251421849591-139963_0.jpg
2025-05-23 10:59:58 INFO: Processed D:\teste1\Band01\OR_ABI-L2-CMIPF-M6C01_G19_s20251421840206_e20251421849515_c20251421849574-139941_0.nc \u2192 D:\GOES-Organized\Band01\2025\05\22\OR_ABI-L2-CMIPF-M6C01_G19_s20251421840206_e20251421849515_c20251421849574-139941_0.jpg
2025-05-23 11:00:37 INFO: Processed D:\teste1\Band02\OR_ABI-L2-CMIPF-M6C02_G19_s20251421850206_e20251421859515_c20251421859572-139943_0.nc \u2192 D:\GOES-Organized\Band02\2025\05\22\OR_ABI-L2-CMIPF-M6C02_G19_s20251421850206_e20251421859515_c20251421859572-139943_0.jpg
2025-05-23 11:03:11 INFO: Processed D:\teste1\Band02-0.5km\OR_ABI-L2-CMIPF-M6C02_G19_s20251421850206_e20251421859515_c20251421859572-139942_0.nc \u2192 D:\GOES-Organized\Band02-0.5km\2025\05\22\OR_ABI-L2-CMIPF-M6C02_G19_s20251421850206_e20251421859515_c20251421859572-139942_0.jpg
2025-05-23 11:03:51 INFO: Processed D:\teste1\Band03\OR_ABI-L2-CMIPF-M6C03_G19_s20251421840206_e20251421849515_c20251421849585-139945_0.nc \u2192 D:\GOES-Organized\Band03\2025\05\22\OR_ABI-L2-CMIPF-M6C03_G19_s20251421840206_e20251421849515_c20251421849585-139945_0.jpg
2025-05-23 11:04:02 INFO: Processed D:\teste1\Band04\OR_ABI-L2-CMIPF-M6C04_G19_s20251421840206_e20251421849515_c20251421849572-139947_0.nc \u2192 D:\GOES-Organized\Band04\2025\05\22\OR_ABI-L2-CMIPF-M6C04_G19_s20251421840206_e20251421849515_c20251421849572-139947_0.jpg
2025-05-23 11:04:41 INFO: Processed D:\teste1\Band05\OR_ABI-L2-CMIPF-M6C05_G19_s20251421840206_e20251421849515_c20251421849585-139949_0.nc \u2192 D:\GOES-Organized\Band05\2025\05\22\OR_ABI-L2-CMIPF-M6C05_G19_s20251421840206_e20251421849515_c20251421849585-139949_0.jpg
2025-05-23 11:04:52 INFO: Processed D:\teste1\Band06\OR_ABI-L2-CMIPF-M6C06_G19_s20251421840206_e20251421849521_c20251421849572-139951_0.nc \u2192 D:\GOES-Organized\Band06\2025\05\22\OR_ABI-L2-CMIPF-M6C06_G19_s20251421840206_e20251421849521_c20251421849572-139951_0.jpg
2025-05-23 11:05:03 INFO: Processed D:\teste1\Band07\OR_ABI-L2-CMIPF-M6C07_G19_s20251421900206_e20251421909526_c20251421909589-139952_0.nc \u2192 D:\GOES-Organized\Band07\2025\05\22\OR_ABI-L2-CMIPF-M6C07_G19_s20251421900206_e20251421909526_c20251421909589-139952_0.jpg
2025-05-23 11:05:13 INFO: Processed D:\teste1\Band08\OR_ABI-L2-CMIPF-M6C08_G19_s20251421900206_e20251421909515_c20251421909589-139953_0.nc \u2192 D:\GOES-Organized\Band08\2025\05\22\OR_ABI-L2-CMIPF-M6C08_G19_s20251421900206_e20251421909515_c20251421909589-139953_0.jpg
2025-05-23 11:05:25 INFO: Processed D:\teste1\Band09\OR_ABI-L2-CMIPF-M6C09_G19_s20251421900206_e20251421909520_c20251421910002-139954_0.nc \u2192 D:\GOES-Organized\Band09\2025\05\22\OR_ABI-L2-CMIPF-M6C09_G19_s20251421900206_e20251421909520_c20251421910002-139954_0.jpg
2025-05-23 11:05:35 INFO: Processed D:\teste1\Band10\OR_ABI-L2-CMIPF-M6C10_G19_s20251421900206_e20251421909526_c20251421909589-139955_0.nc \u2192 D:\GOES-Organized\Band10\2025\05\22\OR_ABI-L2-CMIPF-M6C10_G19_s20251421900206_e20251421909526_c20251421909589-139955_0.jpg
2025-05-23 11:05:46 INFO: Processed D:\teste1\Band11\OR_ABI-L2-CMIPF-M6C11_G19_s20251421840206_e20251421849514_c20251421849572-139957_0.nc \u2192 D:\GOES-Organized\Band11\2025\05\22\OR_ABI-L2-CMIPF-M6C11_G19_s20251421840206_e20251421849514_c20251421849572-139957_0.jpg
2025-05-23 11:05:57 INFO: Processed D:\teste1\Band12\OR_ABI-L2-CMIPF-M6C12_G19_s20251421900206_e20251421909520_c20251421909581-139958_0.nc \u2192 D:\GOES-Organized\Band12\2025\05\22\OR_ABI-L2-CMIPF-M6C12_G19_s20251421900206_e20251421909520_c20251421909581-139958_0.jpg
2025-05-23 11:06:08 INFO: Processed D:\teste1\Band13\OR_ABI-L2-CMIPF-M6C13_G19_s20251421900206_e20251421909529_c20251421909581.nc \u2192 D:\GOES-Organized\Band13\2025\05\22\OR_ABI-L2-CMIPF-M6C13_G19_s20251421900206_e20251421909529_c20251421909581.jpg
2025-05-23 11:06:18 INFO: Processed D:\teste1\Band14\OR_ABI-L2-CMIPF-M6C14_G19_s20251421900206_e20251421909515_c20251421909579-139960_0.nc \u2192 D:\GOES-Organized\Band14\2025\05\22\OR_ABI-L2-CMIPF-M6C14_G19_s20251421900206_e20251421909515_c20251421909579-139960_0.jpg
2025-05-23 11:06:29 INFO: Processed D:\teste1\Band15\OR_ABI-L2-CMIPF-M6C15_G19_s20251421900206_e20251421909521_c20251421909589-139961_0.nc \u2192 D:\GOES-Organized\Band15\2025\05\22\OR_ABI-L2-CMIPF-M6C15_G19_s20251421900206_e20251421909521_c20251421909589-139961_0.jpg
2025-05-23 11:06:40 INFO: Processed D:\teste1\Band16\OR_ABI-L2-CMIPF-M6C16_G19_s20251421840206_e20251421849527_c20251421849591-139963_0.nc \u2192 D:\GOES-Organized\Band16\2025\05\22\OR_ABI-L2-CMIPF-M6C16_G19_s20251421840206_e20251421849527_c20251421849591-139963_0.jpg
